<?xml version="1.0" encoding="UTF-8"?>
<!-- Generated by org.testng.reporters.JUnitXMLReporter -->
<testsuite ignored="0" hostname="Salenium-01" failures="0" tests="6" name="Test" time="53.371" errors="0" timestamp="2022-09-19T12:43:15 GMT-04:00">
  <testcase classname="pk_Selenium.SmokeTest" name="smoke" time="0.022"/>
  <testcase classname="pk_Selenium.NetBanking" name="login" time="6.379"/>
  <testcase classname="pk_Selenium.Weborder_create_verifyOrder" name="ValidLogin" time="3.252"/>
  <testcase classname="pk_Selenium.Weborder_create_verifyOrder" name="CreateOrder" time="11.511"/>
  <testcase classname="pk_Selenium.Weborder_Login_Using_Keyboard" name="logingUsingKeyboard" time="3.895"/>
  <testcase classname="pk_Selenium.NetBanking_Alert" name="Blank_CustomerID" time="6.34"/>
</testsuite> <!-- Test -->
