<?xml version="1.0" encoding="UTF-8"?>
<!-- Generated by org.testng.reporters.JUnitXMLReporter -->
<testsuite ignored="0" hostname="Salenium-01" failures="0" tests="6" name="EdgeTest" time="19.12" errors="0" timestamp="2022-09-20T09:27:34 GMT-04:00">
  <testcase classname="pk_Selenium.Create_Orders_Positive_Negative_Scenario" name="login" time="6.469"/>
  <testcase classname="pk_Selenium.Create_Orders_Positive_Negative_Scenario" name="createAddress" time="2.488"/>
  <testcase classname="pk_Selenium.Create_Orders_Positive_Negative_Scenario" name="createAddress" time="1.661"/>
  <testcase classname="pk_Selenium.Create_Orders_Positive_Negative_Scenario" name="createAddress" time="1.744"/>
  <testcase classname="pk_Selenium.Create_Orders_Positive_Negative_Scenario" name="createAddress" time="1.631"/>
  <testcase classname="pk_Selenium.Create_Orders_Positive_Negative_Scenario" name="createAddress" time="1.653"/>
</testsuite> <!-- EdgeTest -->
