<?xml version="1.0" encoding="UTF-8"?>
<!-- Generated by org.testng.reporters.JUnitXMLReporter -->
<testsuite ignored="0" hostname="Salenium-01" failures="0" tests="6" name="FirefoxTest" time="21.115" errors="0" timestamp="2022-09-20T09:27:15 GMT-04:00">
  <testcase classname="pk_Selenium.Create_Orders_Positive_Negative_Scenario" name="login" time="6.305"/>
  <testcase classname="pk_Selenium.Create_Orders_Positive_Negative_Scenario" name="createAddress" time="1.624"/>
  <testcase classname="pk_Selenium.Create_Orders_Positive_Negative_Scenario" name="createAddress" time="1.349"/>
  <testcase classname="pk_Selenium.Create_Orders_Positive_Negative_Scenario" name="createAddress" time="1.261"/>
  <testcase classname="pk_Selenium.Create_Orders_Positive_Negative_Scenario" name="createAddress" time="1.282"/>
  <testcase classname="pk_Selenium.Create_Orders_Positive_Negative_Scenario" name="createAddress" time="1.287"/>
</testsuite> <!-- FirefoxTest -->
